Plugins:
Bundled analyzers:
  - Python Code Quality and Security 4.17.0.14845 (python)
  - Clean as You Code 2.3.0.1782 (cayc)
  - XML Code Quality and Security 2.10.0.4108 (xml)
  - JaCoCo 1.3.0.1538 (jacoco)
  - IaC Code Quality and Security 1.27.0.9518 (iac)
  - Text Code Quality and Security 2.10.0.2188 (text)
Global server settings:
  - sonar.azureresourcemanager.file.suffixes=.bicep
  - sonar.core.id=A7EE8CF2-AZSx53hjg1GesDzC1EMz
  - sonar.core.startTime=2025-01-30T05:29:52+0000
  - sonar.cs.file.suffixes=.cs,.razor
  - sonar.css.file.suffixes=.css,.less,.scss,.sass
  - sonar.docker.file.patterns=Dockerfile,*.dockerfile
  - sonar.flex.file.suffixes=as
  - sonar.forceAuthentication=true
  - sonar.go.file.suffixes=.go
  - sonar.html.file.suffixes=.html,.xhtml,.cshtml,.vbhtml,.aspx,.ascx,.rhtml,.erb,.shtm,.shtml,.cmp,.twig
  - sonar.java.file.suffixes=.java,.jav
  - sonar.javascript.file.suffixes=.js,.jsx,.cjs,.mjs,.vue
  - sonar.json.file.suffixes=.json
  - sonar.jsp.file.suffixes=.jsp,.jspf,.jspx
  - sonar.kotlin.file.suffixes=.kt,.kts
  - sonar.php.file.suffixes=php,php3,php4,php5,phtml,inc
  - sonar.python.file.suffixes=py
  - sonar.qualityProfiles.allowDisableInheritedRules=true
  - sonar.ruby.file.suffixes=.rb
  - sonar.scala.file.suffixes=.scala
  - sonar.terraform.file.suffixes=.tf
  - sonar.typescript.file.suffixes=.ts,.tsx,.cts,.mts
  - sonar.vbnet.file.suffixes=.vb
  - sonar.xml.file.suffixes=.xml,.xsd,.xsl,.config
  - sonar.yaml.file.suffixes=.yaml,.yml
Project server settings:
Project scanner properties:
  - sonar.host.url=http://localhost:9000
  - sonar.java.binaries=target/classes
  - sonar.login=******
  - sonar.projectBaseDir=/root/sonarqube-java-project
  - sonar.projectKey=sonarqube-java-project
  - sonar.projectName=SonarQube Java Project
  - sonar.projectVersion=1.0
  - sonar.scanner.apiBaseUrl=http://localhost:9000/api/v2
  - sonar.scanner.app=ScannerCLI
  - sonar.scanner.appVersion=6.2.1.4610
  - sonar.scanner.arch=x86_64
  - sonar.scanner.bootstrapStartTime=1738216850968
  - sonar.scanner.os=linux
  - sonar.scanner.wasEngineCacheHit=true
  - sonar.sourceEncoding=UTF-8
  - sonar.sources=src/main/java
  - sonar.verbose=true
  - sonar.working.directory=/root/sonarqube-java-project/.scannerwork
  - sonar.ws.timeout=60
